Determining if the pthread_create exist failed with the following output:
Change Dir: /home/scp/ros-codes/catkin_ws/build/client_srv_pub_sub/CMakeFiles/CMakeTmp

Run Build Command:"/usr/bin/make" "cmTC_3913d/fast"
/usr/bin/make -f CMakeFiles/cmTC_3913d.dir/build.make CMakeFiles/cmTC_3913d.dir/build
make[1]: Entering directory '/home/scp/ros-codes/catkin_ws/build/client_srv_pub_sub/CMakeFiles/CMakeTmp'
Building C object CMakeFiles/cmTC_3913d.dir/CheckSymbolExists.c.o
/usr/bin/cc     -o CMakeFiles/cmTC_3913d.dir/CheckSymbolExists.c.o   -c /home/scp/ros-codes/catkin_ws/build/client_srv_pub_sub/CMakeFiles/CMakeTmp/CheckSymbolExists.c
Linking C executable cmTC_3913d
/usr/bin/cmake -E cmake_link_script CMakeFiles/cmTC_3913d.dir/link.txt --verbose=1
/usr/bin/cc       CMakeFiles/cmTC_3913d.dir/CheckSymbolExists.c.o  -o cmTC_3913d -rdynamic 
CMakeFiles/cmTC_3913d.dir/CheckSymbolExists.c.o: In function `main':
CheckSymbolExists.c:(.text+0xa): undefined reference to `pthread_create'
collect2: error: ld returned 1 exit status
CMakeFiles/cmTC_3913d.dir/build.make:97: recipe for target 'cmTC_3913d' failed
make[1]: *** [cmTC_3913d] Error 1
make[1]: Leaving directory '/home/scp/ros-codes/catkin_ws/build/client_srv_pub_sub/CMakeFiles/CMakeTmp'
Makefile:126: recipe for target 'cmTC_3913d/fast' failed
make: *** [cmTC_3913d/fast] Error 2

File /home/scp/ros-codes/catkin_ws/build/client_srv_pub_sub/CMakeFiles/CMakeTmp/CheckSymbolExists.c:
/* */
#include <pthread.h>

int main(int argc, char** argv)
{
  (void)argv;
#ifndef pthread_create
  return ((int*)(&pthread_create))[argc];
#else
  (void)argc;
  return 0;
#endif
}

Determining if the function pthread_create exists in the pthreads failed with the following output:
Change Dir: /home/scp/ros-codes/catkin_ws/build/client_srv_pub_sub/CMakeFiles/CMakeTmp

Run Build Command:"/usr/bin/make" "cmTC_ee4d8/fast"
/usr/bin/make -f CMakeFiles/cmTC_ee4d8.dir/build.make CMakeFiles/cmTC_ee4d8.dir/build
make[1]: Entering directory '/home/scp/ros-codes/catkin_ws/build/client_srv_pub_sub/CMakeFiles/CMakeTmp'
Building C object CMakeFiles/cmTC_ee4d8.dir/CheckFunctionExists.c.o
/usr/bin/cc    -DCHECK_FUNCTION_EXISTS=pthread_create   -o CMakeFiles/cmTC_ee4d8.dir/CheckFunctionExists.c.o   -c /usr/share/cmake-3.5/Modules/CheckFunctionExists.c
Linking C executable cmTC_ee4d8
/usr/bin/cmake -E cmake_link_script CMakeFiles/cmTC_ee4d8.dir/link.txt --verbose=1
/usr/bin/cc   -DCHECK_FUNCTION_EXISTS=pthread_create    CMakeFiles/cmTC_ee4d8.dir/CheckFunctionExists.c.o  -o cmTC_ee4d8 -rdynamic -lpthreads 
/usr/bin/ld: cannot find -lpthreads
collect2: error: ld returned 1 exit status
CMakeFiles/cmTC_ee4d8.dir/build.make:97: recipe for target 'cmTC_ee4d8' failed
make[1]: *** [cmTC_ee4d8] Error 1
make[1]: Leaving directory '/home/scp/ros-codes/catkin_ws/build/client_srv_pub_sub/CMakeFiles/CMakeTmp'
Makefile:126: recipe for target 'cmTC_ee4d8/fast' failed
make: *** [cmTC_ee4d8/fast] Error 2


