Determining if the pthread_create exist failed with the following output:
Change Dir: /home/scp/ros-codes/catkin_ws/build/my_custom_message/CMakeFiles/CMakeTmp

Run Build Command:"/usr/bin/make" "cmTC_5b9bd/fast"
/usr/bin/make -f CMakeFiles/cmTC_5b9bd.dir/build.make CMakeFiles/cmTC_5b9bd.dir/build
make[1]: Entering directory '/home/scp/ros-codes/catkin_ws/build/my_custom_message/CMakeFiles/CMakeTmp'
Building C object CMakeFiles/cmTC_5b9bd.dir/CheckSymbolExists.c.o
/usr/bin/cc     -o CMakeFiles/cmTC_5b9bd.dir/CheckSymbolExists.c.o   -c /home/scp/ros-codes/catkin_ws/build/my_custom_message/CMakeFiles/CMakeTmp/CheckSymbolExists.c
Linking C executable cmTC_5b9bd
/usr/bin/cmake -E cmake_link_script CMakeFiles/cmTC_5b9bd.dir/link.txt --verbose=1
/usr/bin/cc       CMakeFiles/cmTC_5b9bd.dir/CheckSymbolExists.c.o  -o cmTC_5b9bd -rdynamic 
CMakeFiles/cmTC_5b9bd.dir/CheckSymbolExists.c.o: In function `main':
CheckSymbolExists.c:(.text+0xa): undefined reference to `pthread_create'
collect2: error: ld returned 1 exit status
CMakeFiles/cmTC_5b9bd.dir/build.make:97: recipe for target 'cmTC_5b9bd' failed
make[1]: *** [cmTC_5b9bd] Error 1
make[1]: Leaving directory '/home/scp/ros-codes/catkin_ws/build/my_custom_message/CMakeFiles/CMakeTmp'
Makefile:126: recipe for target 'cmTC_5b9bd/fast' failed
make: *** [cmTC_5b9bd/fast] Error 2

File /home/scp/ros-codes/catkin_ws/build/my_custom_message/CMakeFiles/CMakeTmp/CheckSymbolExists.c:
/* */
#include <pthread.h>

int main(int argc, char** argv)
{
  (void)argv;
#ifndef pthread_create
  return ((int*)(&pthread_create))[argc];
#else
  (void)argc;
  return 0;
#endif
}

Determining if the function pthread_create exists in the pthreads failed with the following output:
Change Dir: /home/scp/ros-codes/catkin_ws/build/my_custom_message/CMakeFiles/CMakeTmp

Run Build Command:"/usr/bin/make" "cmTC_de7f3/fast"
/usr/bin/make -f CMakeFiles/cmTC_de7f3.dir/build.make CMakeFiles/cmTC_de7f3.dir/build
make[1]: Entering directory '/home/scp/ros-codes/catkin_ws/build/my_custom_message/CMakeFiles/CMakeTmp'
Building C object CMakeFiles/cmTC_de7f3.dir/CheckFunctionExists.c.o
/usr/bin/cc    -DCHECK_FUNCTION_EXISTS=pthread_create   -o CMakeFiles/cmTC_de7f3.dir/CheckFunctionExists.c.o   -c /usr/share/cmake-3.5/Modules/CheckFunctionExists.c
Linking C executable cmTC_de7f3
/usr/bin/cmake -E cmake_link_script CMakeFiles/cmTC_de7f3.dir/link.txt --verbose=1
/usr/bin/cc   -DCHECK_FUNCTION_EXISTS=pthread_create    CMakeFiles/cmTC_de7f3.dir/CheckFunctionExists.c.o  -o cmTC_de7f3 -rdynamic -lpthreads 
/usr/bin/ld: cannot find -lpthreads
collect2: error: ld returned 1 exit status
CMakeFiles/cmTC_de7f3.dir/build.make:97: recipe for target 'cmTC_de7f3' failed
make[1]: *** [cmTC_de7f3] Error 1
make[1]: Leaving directory '/home/scp/ros-codes/catkin_ws/build/my_custom_message/CMakeFiles/CMakeTmp'
Makefile:126: recipe for target 'cmTC_de7f3/fast' failed
make: *** [cmTC_de7f3/fast] Error 2


