Not searching for unused variables given on the command line.
[36m--[0m Using CATKIN_DEVEL_PREFIX: /home/scp/ros-codes/catkin_ws/devel/.private/beginner_tutorials
[36m--[0m Using CMAKE_PREFIX_PATH: /home/scp/ros-codes/catkin_ws/devel;/opt/ros/kinetic
[36m--[0m This workspace overlays: /home/scp/ros-codes/catkin_ws/devel;/opt/ros/kinetic
[36m--[0m Using PYTHON_EXECUTABLE: /usr/bin/python
[36m--[0m Using Debian Python package layout
[36m--[0m Using empy: /usr/bin/empy
[36m--[0m Using CATKIN_ENABLE_TESTING: ON
[36m--[0m Call enable_testing()
[36m--[0m Using CATKIN_TEST_RESULTS_DIR: /home/scp/ros-codes/catkin_ws/build/beginner_tutorials/test_results
[36m--[0m Found gmock sources under '/usr/src/gmock': gmock will be built
[36m--[0m Found gtest sources under '/usr/src/gmock': gtests will be built
[36m--[0m Using Python nosetests: /usr/bin/nosetests-2.7
[36m--[0m catkin 0.7.11
[36m--[0m Using these message generators: gencpp;geneus;genlisp;gennodejs;genpy
[31m[1mCMake Error[0m at /opt/ros/kinetic/share/catkin/cmake/assert.cmake:20 (message):


  Assertion failed: file
  '/home/scp/ros-codes/catkin_ws/src/beginner_tutorials/msg/my_custom_message/Number.msg'
  does not exist.  Message: message file not found

[36mCall Stack (most recent call first):[0m
  /opt/ros/kinetic/share/genmsg/cmake/genmsg-extras.cmake:113 (assert_file_exists)
  CMakeLists.txt:52 (add_message_files)


[36m--[0m Configuring incomplete, errors occurred!
See also "/home/scp/ros-codes/catkin_ws/build/beginner_tutorials/CMakeFiles/CMakeOutput.log".
See also "/home/scp/ros-codes/catkin_ws/build/beginner_tutorials/CMakeFiles/CMakeError.log".
