[  0%] Built target my_custom_message_generate_messages_cpp
[  0%] Built target std_msgs_generate_messages_cpp
[  0%] Built target _beginner_tutorials_generate_messages_check_deps_AddTwoInts
[  0%] Built target std_msgs_generate_messages_nodejs
[  0%] Built target my_custom_message_generate_messages_nodejs
[  0%] Built target my_custom_message_generate_messages_py
[  0%] Built target std_msgs_generate_messages_py
[  0%] Built target std_msgs_generate_messages_eus
[  0%] Built target my_custom_message_generate_messages_eus
[  0%] Built target std_msgs_generate_messages_lisp
[  0%] Built target my_custom_message_generate_messages_lisp
[  6%] Built target beginner_tutorials_generate_messages_cpp
[ 13%] Built target beginner_tutorials_generate_messages_nodejs
[ 26%] Built target beginner_tutorials_generate_messages_eus
[ 40%] Built target beginner_tutorials_generate_messages_py
[ 46%] Built target beginner_tutorials_generate_messages_lisp
[ 60%] Built target talker
[ 60%] Built target beginner_tutorials_gencpp
[ 73%] Built target listener
[ 73%] Built target beginner_tutorials_generate_messages
[ 86%] Built target add_two_ints_client
[100%] Built target add_two_ints_server
