[35m[1mScanning dependencies of target std_msgs_generate_messages_cpp[0m
[  0%] Built target std_msgs_generate_messages_cpp
[35m[1mScanning dependencies of target _beginner_tutorials_generate_messages_check_deps_AddTwoInts[0m
[  0%] Built target _beginner_tutorials_generate_messages_check_deps_AddTwoInts
[35m[1mScanning dependencies of target std_msgs_generate_messages_py[0m
[  0%] Built target std_msgs_generate_messages_py
[35m[1mScanning dependencies of target std_msgs_generate_messages_nodejs[0m
[  0%] Built target std_msgs_generate_messages_nodejs
[35m[1mScanning dependencies of target std_msgs_generate_messages_lisp[0m
[  0%] Built target std_msgs_generate_messages_lisp
[35m[1mScanning dependencies of target std_msgs_generate_messages_eus[0m
[  0%] Built target std_msgs_generate_messages_eus
[35m[1mScanning dependencies of target beginner_tutorials_generate_messages_cpp[0m
[  6%] [34m[1mGenerating C++ code from beginner_tutorials/AddTwoInts.srv[0m
[  6%] Built target beginner_tutorials_generate_messages_cpp
[35m[1mScanning dependencies of target beginner_tutorials_generate_messages_py[0m
[ 13%] [34m[1mGenerating Python code from SRV beginner_tutorials/AddTwoInts[0m
[ 20%] [34m[1mGenerating Python srv __init__.py for beginner_tutorials[0m
[ 20%] Built target beginner_tutorials_generate_messages_py
[35m[1mScanning dependencies of target beginner_tutorials_generate_messages_nodejs[0m
[ 26%] [34m[1mGenerating Javascript code from beginner_tutorials/AddTwoInts.srv[0m
[ 26%] Built target beginner_tutorials_generate_messages_nodejs
[35m[1mScanning dependencies of target beginner_tutorials_generate_messages_lisp[0m
[ 33%] [34m[1mGenerating Lisp code from beginner_tutorials/AddTwoInts.srv[0m
[ 33%] Built target beginner_tutorials_generate_messages_lisp
[35m[1mScanning dependencies of target beginner_tutorials_generate_messages_eus[0m
[ 40%] [34m[1mGenerating EusLisp code from beginner_tutorials/AddTwoInts.srv[0m
[ 46%] [34m[1mGenerating EusLisp manifest code for beginner_tutorials[0m
[ 46%] Built target beginner_tutorials_generate_messages_eus
[35m[1mScanning dependencies of target beginner_tutorials_gencpp[0m
[ 46%] Built target beginner_tutorials_gencpp
[35m[1mScanning dependencies of target listener[0m
[ 53%] [32mBuilding CXX object CMakeFiles/listener.dir/src/listener.cpp.o[0m
[ 60%] [32m[1mLinking CXX executable /home/scp/ros-codes/catkin_ws/devel/.private/beginner_tutorials/lib/beginner_tutorials/listener[0m
[ 60%] Built target listener
[35m[1mScanning dependencies of target add_two_ints_client[0m
[ 66%] [32mBuilding CXX object CMakeFiles/add_two_ints_client.dir/src/add_two_ints_client.cpp.o[0m
[ 73%] [32m[1mLinking CXX executable /home/scp/ros-codes/catkin_ws/devel/.private/beginner_tutorials/lib/beginner_tutorials/add_two_ints_client[0m
[ 73%] Built target add_two_ints_client
[35m[1mScanning dependencies of target talker[0m
[ 80%] [32mBuilding CXX object CMakeFiles/talker.dir/src/talker.cpp.o[0m
[ 86%] [32m[1mLinking CXX executable /home/scp/ros-codes/catkin_ws/devel/.private/beginner_tutorials/lib/beginner_tutorials/talker[0m
[35m[1mScanning dependencies of target beginner_tutorials_generate_messages[0m
[ 86%] Built target beginner_tutorials_generate_messages
[ 86%] Built target talker
[35m[1mScanning dependencies of target add_two_ints_server[0m
[ 93%] [32mBuilding CXX object CMakeFiles/add_two_ints_server.dir/src/add_two_ints_server.cpp.o[0m
[100%] [32m[1mLinking CXX executable /home/scp/ros-codes/catkin_ws/devel/.private/beginner_tutorials/lib/beginner_tutorials/add_two_ints_server[0m
[100%] Built target add_two_ints_server
