Determining if the pthread_create exist failed with the following output:
Change Dir: /home/scp/catkin_ws/build/CMakeFiles/CMakeTmp

Run Build Command:"/usr/bin/make" "cmTC_1f625/fast"
/usr/bin/make -f CMakeFiles/cmTC_1f625.dir/build.make CMakeFiles/cmTC_1f625.dir/build
make[1]: Entering directory '/home/scp/catkin_ws/build/CMakeFiles/CMakeTmp'
Building C object CMakeFiles/cmTC_1f625.dir/CheckSymbolExists.c.o
/usr/bin/cc     -o CMakeFiles/cmTC_1f625.dir/CheckSymbolExists.c.o   -c /home/scp/catkin_ws/build/CMakeFiles/CMakeTmp/CheckSymbolExists.c
Linking C executable cmTC_1f625
/usr/bin/cmake -E cmake_link_script CMakeFiles/cmTC_1f625.dir/link.txt --verbose=1
/usr/bin/cc       CMakeFiles/cmTC_1f625.dir/CheckSymbolExists.c.o  -o cmTC_1f625 -rdynamic 
CMakeFiles/cmTC_1f625.dir/CheckSymbolExists.c.o: In function `main':
CheckSymbolExists.c:(.text+0xa): undefined reference to `pthread_create'
collect2: error: ld returned 1 exit status
CMakeFiles/cmTC_1f625.dir/build.make:97: recipe for target 'cmTC_1f625' failed
make[1]: *** [cmTC_1f625] Error 1
make[1]: Leaving directory '/home/scp/catkin_ws/build/CMakeFiles/CMakeTmp'
Makefile:126: recipe for target 'cmTC_1f625/fast' failed
make: *** [cmTC_1f625/fast] Error 2

File /home/scp/catkin_ws/build/CMakeFiles/CMakeTmp/CheckSymbolExists.c:
/* */
#include <pthread.h>

int main(int argc, char** argv)
{
  (void)argv;
#ifndef pthread_create
  return ((int*)(&pthread_create))[argc];
#else
  (void)argc;
  return 0;
#endif
}

Determining if the function pthread_create exists in the pthreads failed with the following output:
Change Dir: /home/scp/catkin_ws/build/CMakeFiles/CMakeTmp

Run Build Command:"/usr/bin/make" "cmTC_fa453/fast"
/usr/bin/make -f CMakeFiles/cmTC_fa453.dir/build.make CMakeFiles/cmTC_fa453.dir/build
make[1]: Entering directory '/home/scp/catkin_ws/build/CMakeFiles/CMakeTmp'
Building C object CMakeFiles/cmTC_fa453.dir/CheckFunctionExists.c.o
/usr/bin/cc    -DCHECK_FUNCTION_EXISTS=pthread_create   -o CMakeFiles/cmTC_fa453.dir/CheckFunctionExists.c.o   -c /usr/share/cmake-3.5/Modules/CheckFunctionExists.c
Linking C executable cmTC_fa453
/usr/bin/cmake -E cmake_link_script CMakeFiles/cmTC_fa453.dir/link.txt --verbose=1
/usr/bin/cc   -DCHECK_FUNCTION_EXISTS=pthread_create    CMakeFiles/cmTC_fa453.dir/CheckFunctionExists.c.o  -o cmTC_fa453 -rdynamic -lpthreads 
/usr/bin/ld: cannot find -lpthreads
collect2: error: ld returned 1 exit status
CMakeFiles/cmTC_fa453.dir/build.make:97: recipe for target 'cmTC_fa453' failed
make[1]: *** [cmTC_fa453] Error 1
make[1]: Leaving directory '/home/scp/catkin_ws/build/CMakeFiles/CMakeTmp'
Makefile:126: recipe for target 'cmTC_fa453/fast' failed
make: *** [cmTC_fa453/fast] Error 2


