Determining if the pthread_create exist failed with the following output:
Change Dir: /home/scp/ros-codes/catkin_ws/build/my_pub_sub/CMakeFiles/CMakeTmp

Run Build Command:"/usr/bin/make" "cmTC_d9cf0/fast"
/usr/bin/make -f CMakeFiles/cmTC_d9cf0.dir/build.make CMakeFiles/cmTC_d9cf0.dir/build
make[1]: Entering directory '/home/scp/ros-codes/catkin_ws/build/my_pub_sub/CMakeFiles/CMakeTmp'
Building C object CMakeFiles/cmTC_d9cf0.dir/CheckSymbolExists.c.o
/usr/bin/cc     -o CMakeFiles/cmTC_d9cf0.dir/CheckSymbolExists.c.o   -c /home/scp/ros-codes/catkin_ws/build/my_pub_sub/CMakeFiles/CMakeTmp/CheckSymbolExists.c
Linking C executable cmTC_d9cf0
/usr/bin/cmake -E cmake_link_script CMakeFiles/cmTC_d9cf0.dir/link.txt --verbose=1
/usr/bin/cc       CMakeFiles/cmTC_d9cf0.dir/CheckSymbolExists.c.o  -o cmTC_d9cf0 -rdynamic 
CMakeFiles/cmTC_d9cf0.dir/CheckSymbolExists.c.o: In function `main':
CheckSymbolExists.c:(.text+0xa): undefined reference to `pthread_create'
collect2: error: ld returned 1 exit status
CMakeFiles/cmTC_d9cf0.dir/build.make:97: recipe for target 'cmTC_d9cf0' failed
make[1]: *** [cmTC_d9cf0] Error 1
make[1]: Leaving directory '/home/scp/ros-codes/catkin_ws/build/my_pub_sub/CMakeFiles/CMakeTmp'
Makefile:126: recipe for target 'cmTC_d9cf0/fast' failed
make: *** [cmTC_d9cf0/fast] Error 2

File /home/scp/ros-codes/catkin_ws/build/my_pub_sub/CMakeFiles/CMakeTmp/CheckSymbolExists.c:
/* */
#include <pthread.h>

int main(int argc, char** argv)
{
  (void)argv;
#ifndef pthread_create
  return ((int*)(&pthread_create))[argc];
#else
  (void)argc;
  return 0;
#endif
}

Determining if the function pthread_create exists in the pthreads failed with the following output:
Change Dir: /home/scp/ros-codes/catkin_ws/build/my_pub_sub/CMakeFiles/CMakeTmp

Run Build Command:"/usr/bin/make" "cmTC_bb5c2/fast"
/usr/bin/make -f CMakeFiles/cmTC_bb5c2.dir/build.make CMakeFiles/cmTC_bb5c2.dir/build
make[1]: Entering directory '/home/scp/ros-codes/catkin_ws/build/my_pub_sub/CMakeFiles/CMakeTmp'
Building C object CMakeFiles/cmTC_bb5c2.dir/CheckFunctionExists.c.o
/usr/bin/cc    -DCHECK_FUNCTION_EXISTS=pthread_create   -o CMakeFiles/cmTC_bb5c2.dir/CheckFunctionExists.c.o   -c /usr/share/cmake-3.5/Modules/CheckFunctionExists.c
Linking C executable cmTC_bb5c2
/usr/bin/cmake -E cmake_link_script CMakeFiles/cmTC_bb5c2.dir/link.txt --verbose=1
/usr/bin/cc   -DCHECK_FUNCTION_EXISTS=pthread_create    CMakeFiles/cmTC_bb5c2.dir/CheckFunctionExists.c.o  -o cmTC_bb5c2 -rdynamic -lpthreads 
/usr/bin/ld: cannot find -lpthreads
collect2: error: ld returned 1 exit status
CMakeFiles/cmTC_bb5c2.dir/build.make:97: recipe for target 'cmTC_bb5c2' failed
make[1]: *** [cmTC_bb5c2] Error 1
make[1]: Leaving directory '/home/scp/ros-codes/catkin_ws/build/my_pub_sub/CMakeFiles/CMakeTmp'
Makefile:126: recipe for target 'cmTC_bb5c2/fast' failed
make: *** [cmTC_bb5c2/fast] Error 2


