Symlinking /home/scp/ros-codes/catkin_ws/devel/lib/pkgconfig/my_custom_message.pc
Symlinking /home/scp/ros-codes/catkin_ws/devel/lib/python2.7/dist-packages/my_custom_message/__init__.py
Symlinking /home/scp/ros-codes/catkin_ws/devel/lib/python2.7/dist-packages/my_custom_message/msg/_num_sum.py
Symlinking /home/scp/ros-codes/catkin_ws/devel/lib/python2.7/dist-packages/my_custom_message/msg/_numbers.py
Symlinking /home/scp/ros-codes/catkin_ws/devel/lib/python2.7/dist-packages/my_custom_message/msg/__init__.py
Symlinking /home/scp/ros-codes/catkin_ws/devel/lib/python2.7/dist-packages/my_custom_message/msg/_str_msg.py
Symlinking /home/scp/ros-codes/catkin_ws/devel/include/my_custom_message/num_sum.h
Symlinking /home/scp/ros-codes/catkin_ws/devel/include/my_custom_message/str_msg.h
Symlinking /home/scp/ros-codes/catkin_ws/devel/include/my_custom_message/numbers.h
Symlinking /home/scp/ros-codes/catkin_ws/devel/share/my_custom_message/cmake/my_custom_message-msg-paths.cmake
Symlinking /home/scp/ros-codes/catkin_ws/devel/share/my_custom_message/cmake/my_custom_message-msg-extras.cmake
Symlinking /home/scp/ros-codes/catkin_ws/devel/share/my_custom_message/cmake/my_custom_messageConfig-version.cmake
Symlinking /home/scp/ros-codes/catkin_ws/devel/share/my_custom_message/cmake/my_custom_messageConfig.cmake
Symlinking /home/scp/ros-codes/catkin_ws/devel/share/common-lisp/ros/my_custom_message/msg/my_custom_message-msg.asd
Symlinking /home/scp/ros-codes/catkin_ws/devel/share/common-lisp/ros/my_custom_message/msg/num_sum.lisp
Symlinking /home/scp/ros-codes/catkin_ws/devel/share/common-lisp/ros/my_custom_message/msg/str_msg.lisp
Symlinking /home/scp/ros-codes/catkin_ws/devel/share/common-lisp/ros/my_custom_message/msg/_package_numbers.lisp
Symlinking /home/scp/ros-codes/catkin_ws/devel/share/common-lisp/ros/my_custom_message/msg/_package_str_msg.lisp
Symlinking /home/scp/ros-codes/catkin_ws/devel/share/common-lisp/ros/my_custom_message/msg/_package_num_sum.lisp
Symlinking /home/scp/ros-codes/catkin_ws/devel/share/common-lisp/ros/my_custom_message/msg/numbers.lisp
Symlinking /home/scp/ros-codes/catkin_ws/devel/share/common-lisp/ros/my_custom_message/msg/_package.lisp
Symlinking /home/scp/ros-codes/catkin_ws/devel/share/gennodejs/ros/my_custom_message/_index.js
Symlinking /home/scp/ros-codes/catkin_ws/devel/share/gennodejs/ros/my_custom_message/msg/_index.js
Symlinking /home/scp/ros-codes/catkin_ws/devel/share/gennodejs/ros/my_custom_message/msg/num_sum.js
Symlinking /home/scp/ros-codes/catkin_ws/devel/share/gennodejs/ros/my_custom_message/msg/str_msg.js
Symlinking /home/scp/ros-codes/catkin_ws/devel/share/gennodejs/ros/my_custom_message/msg/numbers.js
Symlinking /home/scp/ros-codes/catkin_ws/devel/share/roseus/ros/my_custom_message/manifest.l
Symlinking /home/scp/ros-codes/catkin_ws/devel/share/roseus/ros/my_custom_message/msg/numbers.l
Symlinking /home/scp/ros-codes/catkin_ws/devel/share/roseus/ros/my_custom_message/msg/num_sum.l
Symlinking /home/scp/ros-codes/catkin_ws/devel/share/roseus/ros/my_custom_message/msg/str_msg.l
