Linked: (/home/scp/ros-codes/catkin_ws/devel/.private/my_custom_message/lib/pkgconfig/my_custom_message.pc, /home/scp/ros-codes/catkin_ws/devel/lib/pkgconfig/my_custom_message.pc)
Linked: (/home/scp/ros-codes/catkin_ws/devel/.private/my_custom_message/lib/python2.7/dist-packages/my_custom_message/__init__.py, /home/scp/ros-codes/catkin_ws/devel/lib/python2.7/dist-packages/my_custom_message/__init__.py)
Symlinking /home/scp/ros-codes/catkin_ws/devel/lib/python2.7/dist-packages/my_custom_message/msg/_num_sum.py
Symlinking /home/scp/ros-codes/catkin_ws/devel/lib/python2.7/dist-packages/my_custom_message/msg/_numbers.py
Linked: (/home/scp/ros-codes/catkin_ws/devel/.private/my_custom_message/lib/python2.7/dist-packages/my_custom_message/msg/__init__.py, /home/scp/ros-codes/catkin_ws/devel/lib/python2.7/dist-packages/my_custom_message/msg/__init__.py)
Linked: (/home/scp/ros-codes/catkin_ws/devel/.private/my_custom_message/lib/python2.7/dist-packages/my_custom_message/msg/_str_msg.py, /home/scp/ros-codes/catkin_ws/devel/lib/python2.7/dist-packages/my_custom_message/msg/_str_msg.py)
Symlinking /home/scp/ros-codes/catkin_ws/devel/include/my_custom_message/num_sum.h
Linked: (/home/scp/ros-codes/catkin_ws/devel/.private/my_custom_message/include/my_custom_message/str_msg.h, /home/scp/ros-codes/catkin_ws/devel/include/my_custom_message/str_msg.h)
Symlinking /home/scp/ros-codes/catkin_ws/devel/include/my_custom_message/numbers.h
Linked: (/home/scp/ros-codes/catkin_ws/devel/.private/my_custom_message/share/my_custom_message/cmake/my_custom_message-msg-paths.cmake, /home/scp/ros-codes/catkin_ws/devel/share/my_custom_message/cmake/my_custom_message-msg-paths.cmake)
Linked: (/home/scp/ros-codes/catkin_ws/devel/.private/my_custom_message/share/my_custom_message/cmake/my_custom_message-msg-extras.cmake, /home/scp/ros-codes/catkin_ws/devel/share/my_custom_message/cmake/my_custom_message-msg-extras.cmake)
Linked: (/home/scp/ros-codes/catkin_ws/devel/.private/my_custom_message/share/my_custom_message/cmake/my_custom_messageConfig-version.cmake, /home/scp/ros-codes/catkin_ws/devel/share/my_custom_message/cmake/my_custom_messageConfig-version.cmake)
Linked: (/home/scp/ros-codes/catkin_ws/devel/.private/my_custom_message/share/my_custom_message/cmake/my_custom_messageConfig.cmake, /home/scp/ros-codes/catkin_ws/devel/share/my_custom_message/cmake/my_custom_messageConfig.cmake)
Linked: (/home/scp/ros-codes/catkin_ws/devel/.private/my_custom_message/share/common-lisp/ros/my_custom_message/msg/my_custom_message-msg.asd, /home/scp/ros-codes/catkin_ws/devel/share/common-lisp/ros/my_custom_message/msg/my_custom_message-msg.asd)
Symlinking /home/scp/ros-codes/catkin_ws/devel/share/common-lisp/ros/my_custom_message/msg/num_sum.lisp
Linked: (/home/scp/ros-codes/catkin_ws/devel/.private/my_custom_message/share/common-lisp/ros/my_custom_message/msg/str_msg.lisp, /home/scp/ros-codes/catkin_ws/devel/share/common-lisp/ros/my_custom_message/msg/str_msg.lisp)
Symlinking /home/scp/ros-codes/catkin_ws/devel/share/common-lisp/ros/my_custom_message/msg/_package_numbers.lisp
Linked: (/home/scp/ros-codes/catkin_ws/devel/.private/my_custom_message/share/common-lisp/ros/my_custom_message/msg/_package_str_msg.lisp, /home/scp/ros-codes/catkin_ws/devel/share/common-lisp/ros/my_custom_message/msg/_package_str_msg.lisp)
Symlinking /home/scp/ros-codes/catkin_ws/devel/share/common-lisp/ros/my_custom_message/msg/_package_num_sum.lisp
Symlinking /home/scp/ros-codes/catkin_ws/devel/share/common-lisp/ros/my_custom_message/msg/numbers.lisp
Linked: (/home/scp/ros-codes/catkin_ws/devel/.private/my_custom_message/share/common-lisp/ros/my_custom_message/msg/_package.lisp, /home/scp/ros-codes/catkin_ws/devel/share/common-lisp/ros/my_custom_message/msg/_package.lisp)
Linked: (/home/scp/ros-codes/catkin_ws/devel/.private/my_custom_message/share/gennodejs/ros/my_custom_message/_index.js, /home/scp/ros-codes/catkin_ws/devel/share/gennodejs/ros/my_custom_message/_index.js)
Linked: (/home/scp/ros-codes/catkin_ws/devel/.private/my_custom_message/share/gennodejs/ros/my_custom_message/msg/_index.js, /home/scp/ros-codes/catkin_ws/devel/share/gennodejs/ros/my_custom_message/msg/_index.js)
Symlinking /home/scp/ros-codes/catkin_ws/devel/share/gennodejs/ros/my_custom_message/msg/num_sum.js
Linked: (/home/scp/ros-codes/catkin_ws/devel/.private/my_custom_message/share/gennodejs/ros/my_custom_message/msg/str_msg.js, /home/scp/ros-codes/catkin_ws/devel/share/gennodejs/ros/my_custom_message/msg/str_msg.js)
Symlinking /home/scp/ros-codes/catkin_ws/devel/share/gennodejs/ros/my_custom_message/msg/numbers.js
Linked: (/home/scp/ros-codes/catkin_ws/devel/.private/my_custom_message/share/roseus/ros/my_custom_message/manifest.l, /home/scp/ros-codes/catkin_ws/devel/share/roseus/ros/my_custom_message/manifest.l)
Symlinking /home/scp/ros-codes/catkin_ws/devel/share/roseus/ros/my_custom_message/msg/numbers.l
Symlinking /home/scp/ros-codes/catkin_ws/devel/share/roseus/ros/my_custom_message/msg/num_sum.l
Linked: (/home/scp/ros-codes/catkin_ws/devel/.private/my_custom_message/share/roseus/ros/my_custom_message/msg/str_msg.l, /home/scp/ros-codes/catkin_ws/devel/share/roseus/ros/my_custom_message/msg/str_msg.l)
