[35m[1mScanning dependencies of target _my_custom_message_generate_messages_check_deps_num_sum[0m
[  0%] Built target _my_custom_message_generate_messages_check_deps_num_sum
[35m[1mScanning dependencies of target _my_custom_message_generate_messages_check_deps_str_msg[0m
[  0%] Built target _my_custom_message_generate_messages_check_deps_str_msg
[35m[1mScanning dependencies of target _my_custom_message_generate_messages_check_deps_numbers[0m
[  0%] Built target _my_custom_message_generate_messages_check_deps_numbers
[35m[1mScanning dependencies of target my_custom_message_generate_messages_py[0m
[  5%] [34m[1mGenerating Python from MSG my_custom_message/numbers[0m
[ 11%] [34m[1mGenerating Python from MSG my_custom_message/str_msg[0m
[ 17%] [34m[1mGenerating Python from MSG my_custom_message/num_sum[0m
[ 23%] [34m[1mGenerating Python msg __init__.py for my_custom_message[0m
[ 23%] Built target my_custom_message_generate_messages_py
[35m[1mScanning dependencies of target my_custom_message_generate_messages_nodejs[0m
[ 29%] [34m[1mGenerating Javascript code from my_custom_message/numbers.msg[0m
[ 35%] [34m[1mGenerating Javascript code from my_custom_message/str_msg.msg[0m
[ 41%] [34m[1mGenerating Javascript code from my_custom_message/num_sum.msg[0m
[ 41%] Built target my_custom_message_generate_messages_nodejs
[35m[1mScanning dependencies of target my_custom_message_generate_messages_cpp[0m
[ 47%] [34m[1mGenerating C++ code from my_custom_message/numbers.msg[0m
[ 52%] [34m[1mGenerating C++ code from my_custom_message/str_msg.msg[0m
[ 58%] [34m[1mGenerating C++ code from my_custom_message/num_sum.msg[0m
[ 58%] Built target my_custom_message_generate_messages_cpp
[35m[1mScanning dependencies of target my_custom_message_generate_messages_eus[0m
[ 64%] [34m[1mGenerating EusLisp code from my_custom_message/numbers.msg[0m
[ 70%] [34m[1mGenerating EusLisp code from my_custom_message/str_msg.msg[0m
[ 76%] [34m[1mGenerating EusLisp code from my_custom_message/num_sum.msg[0m
[ 82%] [34m[1mGenerating EusLisp manifest code for my_custom_message[0m
[ 82%] Built target my_custom_message_generate_messages_eus
[35m[1mScanning dependencies of target my_custom_message_generate_messages_lisp[0m
[ 88%] [34m[1mGenerating Lisp code from my_custom_message/numbers.msg[0m
[ 94%] [34m[1mGenerating Lisp code from my_custom_message/str_msg.msg[0m
[100%] [34m[1mGenerating Lisp code from my_custom_message/num_sum.msg[0m
[100%] Built target my_custom_message_generate_messages_lisp
[35m[1mScanning dependencies of target my_custom_message_generate_messages[0m
[100%] Built target my_custom_message_generate_messages
