[35m[1mScanning dependencies of target _my_custom_message_generate_messages_check_deps_num_sum[0m
[  0%] Built target _my_custom_message_generate_messages_check_deps_str_msg
[  0%] Built target _my_custom_message_generate_messages_check_deps_num_sum
[35m[1mScanning dependencies of target _my_custom_message_generate_messages_check_deps_numbers[0m
[  0%] Built target _my_custom_message_generate_messages_check_deps_numbers
[  5%] [34m[1mGenerating Python from MSG my_custom_message/numbers[0m
[ 11%] [34m[1mGenerating Javascript code from my_custom_message/numbers.msg[0m
[ 17%] [34m[1mGenerating Javascript code from my_custom_message/num_sum.msg[0m
[ 23%] Built target my_custom_message_generate_messages_nodejs
[ 29%] [34m[1mGenerating Python from MSG my_custom_message/num_sum[0m
[ 35%] [34m[1mGenerating C++ code from my_custom_message/numbers.msg[0m
[ 41%] [34m[1mGenerating Python msg __init__.py for my_custom_message[0m
[ 47%] [34m[1mGenerating C++ code from my_custom_message/num_sum.msg[0m
[ 52%] Built target my_custom_message_generate_messages_py
[ 58%] [34m[1mGenerating EusLisp code from my_custom_message/numbers.msg[0m
[ 64%] [34m[1mGenerating EusLisp code from my_custom_message/num_sum.msg[0m
[ 70%] Built target my_custom_message_generate_messages_cpp
[ 76%] [34m[1mGenerating Lisp code from my_custom_message/numbers.msg[0m
[ 88%] Built target my_custom_message_generate_messages_eus
[ 94%] [34m[1mGenerating Lisp code from my_custom_message/num_sum.msg[0m
[100%] Built target my_custom_message_generate_messages_lisp
[100%] Built target my_custom_message_generate_messages
