[36m--[0m Using CATKIN_DEVEL_PREFIX: /home/scp/ros-codes/catkin_ws/devel/.private/my_custom_message
[36m--[0m Using CMAKE_PREFIX_PATH: /home/scp/ros-codes/catkin_ws/devel;/opt/ros/kinetic
[36m--[0m This workspace overlays: /home/scp/ros-codes/catkin_ws/devel;/opt/ros/kinetic
[36m--[0m Using PYTHON_EXECUTABLE: /usr/bin/python
[36m--[0m Using Debian Python package layout
[36m--[0m Using empy: /usr/bin/empy
[36m--[0m Using CATKIN_ENABLE_TESTING: ON
[36m--[0m Call enable_testing()
[36m--[0m Using CATKIN_TEST_RESULTS_DIR: /home/scp/ros-codes/catkin_ws/build/my_custom_message/test_results
[36m--[0m Found gmock sources under '/usr/src/gmock': gmock will be built
[36m--[0m Found gtest sources under '/usr/src/gmock': gtests will be built
[36m--[0m Using Python nosetests: /usr/bin/nosetests-2.7
[36m--[0m catkin 0.7.11
[31m[1mCMake Error[0m at /home/scp/ros-codes/catkin_ws/src/my_custom_message/CMakeLists.txt:12 (add_message_files):
  Unknown CMake command "add_message_files".


[36m--[0m Configuring incomplete, errors occurred!
See also "/home/scp/ros-codes/catkin_ws/build/my_custom_message/CMakeFiles/CMakeOutput.log".
See also "/home/scp/ros-codes/catkin_ws/build/my_custom_message/CMakeFiles/CMakeError.log".
Makefile:696: recipe for target 'cmake_check_build_system' failed
make: *** [cmake_check_build_system] Error 1
