[36m--[0m Using CATKIN_DEVEL_PREFIX: /home/scp/ros-codes/catkin_ws/devel/.private/my_custom_message
[36m--[0m Using CMAKE_PREFIX_PATH: /home/scp/ros-codes/catkin_ws/devel;/opt/ros/kinetic
[36m--[0m This workspace overlays: /home/scp/ros-codes/catkin_ws/devel;/opt/ros/kinetic
[36m--[0m Using PYTHON_EXECUTABLE: /usr/bin/python
[36m--[0m Using Debian Python package layout
[36m--[0m Using empy: /usr/bin/empy
[36m--[0m Using CATKIN_ENABLE_TESTING: ON
[36m--[0m Call enable_testing()
[36m--[0m Using CATKIN_TEST_RESULTS_DIR: /home/scp/ros-codes/catkin_ws/build/my_custom_message/test_results
[36m--[0m Found gmock sources under '/usr/src/gmock': gmock will be built
[36m--[0m Found gtest sources under '/usr/src/gmock': gtests will be built
[36m--[0m Using Python nosetests: /usr/bin/nosetests-2.7
[36m--[0m catkin 0.7.11
[36m--[0m Using these message generators: gencpp;geneus;genlisp;gennodejs;genpy
[31m[1mCMake Error[0m at /home/scp/ros-codes/catkin_ws/build/my_custom_message/cmake/my_custom_message-genmsg.cmake:3 (message):
  Could not find messages which
  '/home/scp/ros-codes/catkin_ws/src/my_custom_message/msg/str_msg.msg'
  depends on.  Did you forget to specify generate_messages(DEPENDENCIES ...)?

  Cannot locate message [String] in package [my_custom_message] with paths
  [['/home/scp/ros-codes/catkin_ws/src/my_custom_message/msg']]
[36mCall Stack (most recent call first):[0m
  /opt/ros/kinetic/share/genmsg/cmake/genmsg-extras.cmake:307 (include)
  CMakeLists.txt:17 (generate_messages)


[36m--[0m Configuring incomplete, errors occurred!
See also "/home/scp/ros-codes/catkin_ws/build/my_custom_message/CMakeFiles/CMakeOutput.log".
See also "/home/scp/ros-codes/catkin_ws/build/my_custom_message/CMakeFiles/CMakeError.log".
Makefile:696: recipe for target 'cmake_check_build_system' failed
make: *** [cmake_check_build_system] Error 1
