Determining if the pthread_create exist failed with the following output:
Change Dir: /home/scp/ros-codes/catkin_ws/build/beginner_tutorials/CMakeFiles/CMakeTmp

Run Build Command:"/usr/bin/make" "cmTC_e6712/fast"
/usr/bin/make -f CMakeFiles/cmTC_e6712.dir/build.make CMakeFiles/cmTC_e6712.dir/build
make[1]: Entering directory '/home/scp/ros-codes/catkin_ws/build/beginner_tutorials/CMakeFiles/CMakeTmp'
Building C object CMakeFiles/cmTC_e6712.dir/CheckSymbolExists.c.o
/usr/bin/cc     -o CMakeFiles/cmTC_e6712.dir/CheckSymbolExists.c.o   -c /home/scp/ros-codes/catkin_ws/build/beginner_tutorials/CMakeFiles/CMakeTmp/CheckSymbolExists.c
Linking C executable cmTC_e6712
/usr/bin/cmake -E cmake_link_script CMakeFiles/cmTC_e6712.dir/link.txt --verbose=1
/usr/bin/cc       CMakeFiles/cmTC_e6712.dir/CheckSymbolExists.c.o  -o cmTC_e6712 -rdynamic 
CMakeFiles/cmTC_e6712.dir/CheckSymbolExists.c.o: In function `main':
CheckSymbolExists.c:(.text+0xa): undefined reference to `pthread_create'
collect2: error: ld returned 1 exit status
CMakeFiles/cmTC_e6712.dir/build.make:97: recipe for target 'cmTC_e6712' failed
make[1]: *** [cmTC_e6712] Error 1
make[1]: Leaving directory '/home/scp/ros-codes/catkin_ws/build/beginner_tutorials/CMakeFiles/CMakeTmp'
Makefile:126: recipe for target 'cmTC_e6712/fast' failed
make: *** [cmTC_e6712/fast] Error 2

File /home/scp/ros-codes/catkin_ws/build/beginner_tutorials/CMakeFiles/CMakeTmp/CheckSymbolExists.c:
/* */
#include <pthread.h>

int main(int argc, char** argv)
{
  (void)argv;
#ifndef pthread_create
  return ((int*)(&pthread_create))[argc];
#else
  (void)argc;
  return 0;
#endif
}

Determining if the function pthread_create exists in the pthreads failed with the following output:
Change Dir: /home/scp/ros-codes/catkin_ws/build/beginner_tutorials/CMakeFiles/CMakeTmp

Run Build Command:"/usr/bin/make" "cmTC_1ed3b/fast"
/usr/bin/make -f CMakeFiles/cmTC_1ed3b.dir/build.make CMakeFiles/cmTC_1ed3b.dir/build
make[1]: Entering directory '/home/scp/ros-codes/catkin_ws/build/beginner_tutorials/CMakeFiles/CMakeTmp'
Building C object CMakeFiles/cmTC_1ed3b.dir/CheckFunctionExists.c.o
/usr/bin/cc    -DCHECK_FUNCTION_EXISTS=pthread_create   -o CMakeFiles/cmTC_1ed3b.dir/CheckFunctionExists.c.o   -c /usr/share/cmake-3.5/Modules/CheckFunctionExists.c
Linking C executable cmTC_1ed3b
/usr/bin/cmake -E cmake_link_script CMakeFiles/cmTC_1ed3b.dir/link.txt --verbose=1
/usr/bin/cc   -DCHECK_FUNCTION_EXISTS=pthread_create    CMakeFiles/cmTC_1ed3b.dir/CheckFunctionExists.c.o  -o cmTC_1ed3b -rdynamic -lpthreads 
/usr/bin/ld: cannot find -lpthreads
collect2: error: ld returned 1 exit status
CMakeFiles/cmTC_1ed3b.dir/build.make:97: recipe for target 'cmTC_1ed3b' failed
make[1]: *** [cmTC_1ed3b] Error 1
make[1]: Leaving directory '/home/scp/ros-codes/catkin_ws/build/beginner_tutorials/CMakeFiles/CMakeTmp'
Makefile:126: recipe for target 'cmTC_1ed3b/fast' failed
make: *** [cmTC_1ed3b/fast] Error 2


