[35m[1mScanning dependencies of target input_output_node[0m
[ 25%] [32mBuilding CXX object CMakeFiles/input_output_node.dir/src/input_output_node.cpp.o[0m
[ 50%] [32mBuilding CXX object CMakeFiles/process_node.dir/src/process_node.cpp.o[0m
In file included from [01m[K/opt/ros/kinetic/include/ros/ros.h:40:0[m[K,
                 from [01m[K/home/scp/ros-codes/catkin_ws/src/client_srv_pub_sub/src/input_output_node.cpp:1[m[K:
[01m[K/home/scp/ros-codes/catkin_ws/src/client_srv_pub_sub/src/input_output_node.cpp:[m[K In function ‘[01m[Kvoid in_out_Callback(const ConstPtr&)[m[K’:
[01m[K/home/scp/ros-codes/catkin_ws/src/client_srv_pub_sub/src/input_output_node.cpp:7:30:[m[K [01;31m[Kerror: [m[K‘[01m[Kconst ConstPtr {aka const class boost::shared_ptr<const my_custom_message::num_sum_<std::allocator<void> > >}[m[K’ has no member named ‘[01m[Ksum[m[K’
   ROS_INFO("SUM = %d\n", Sum.sum);
[01;32m[K                              ^[m[K
[01m[K/opt/ros/kinetic/include/ros/console.h:346:165:[m[K [01;36m[Knote: [m[Kin definition of macro ‘[01m[KROSCONSOLE_PRINT_AT_LOCATION_WITH_FILTER[m[K’
     ::ros::console::print(filter, __rosconsole_define_location__loc.logger_, __rosconsole_define_location__loc.level_, __FILE__, __LINE__, __ROSCONSOLE_FUNCTION__, __VA_ARGS__)
[01;32m[K                                                                                                                                                                     ^[m[K
[01m[K/opt/ros/kinetic/include/ros/console.h:379:7:[m[K [01;36m[Knote: [m[Kin expansion of macro ‘[01m[KROSCONSOLE_PRINT_AT_LOCATION[m[K’
       ROSCONSOLE_PRINT_AT_LOCATION(__VA_ARGS__); \
[01;32m[K       ^[m[K
[01m[K/opt/ros/kinetic/include/ros/console.h:561:35:[m[K [01;36m[Knote: [m[Kin expansion of macro ‘[01m[KROS_LOG_COND[m[K’
 #define ROS_LOG(level, name, ...) ROS_LOG_COND(true, level, name, __VA_ARGS__)
[01;32m[K                                   ^[m[K
[01m[K/opt/ros/kinetic/include/rosconsole/macros_generated.h:110:23:[m[K [01;36m[Knote: [m[Kin expansion of macro ‘[01m[KROS_LOG[m[K’
 #define ROS_INFO(...) ROS_LOG(::ros::console::levels::Info, ROSCONSOLE_DEFAULT_NAME, __VA_ARGS__)
[01;32m[K                       ^[m[K
[01m[K/home/scp/ros-codes/catkin_ws/src/client_srv_pub_sub/src/input_output_node.cpp:7:3:[m[K [01;36m[Knote: [m[Kin expansion of macro ‘[01m[KROS_INFO[m[K’
   ROS_INFO("SUM = %d\n", Sum.sum);
[01;32m[K   ^[m[K
[01m[K/home/scp/ros-codes/catkin_ws/src/client_srv_pub_sub/src/input_output_node.cpp:[m[K In function ‘[01m[Kint main(int, char**)[m[K’:
[01m[K/home/scp/ros-codes/catkin_ws/src/client_srv_pub_sub/src/input_output_node.cpp:22:5:[m[K [01;31m[Kerror: [m[K‘[01m[Kcout[m[K’ was not declared in this scope
     cout<<"Find SUM of a and b:\na = ";
[01;32m[K     ^[m[K
[01m[K/home/scp/ros-codes/catkin_ws/src/client_srv_pub_sub/src/input_output_node.cpp:22:5:[m[K [01;36m[Knote: [m[Ksuggested alternative:
In file included from [01m[K/opt/ros/kinetic/include/ros/time.h:54:0[m[K,
                 from [01m[K/opt/ros/kinetic/include/ros/ros.h:38[m[K,
                 from [01m[K/home/scp/ros-codes/catkin_ws/src/client_srv_pub_sub/src/input_output_node.cpp:1[m[K:
[01m[K/usr/include/c++/5/iostream:61:18:[m[K [01;36m[Knote: [m[K  ‘[01m[Kstd::cout[m[K’
   extern ostream cout;  /// Linked to standard output
[01;32m[K                  ^[m[K
[01m[K/home/scp/ros-codes/catkin_ws/src/client_srv_pub_sub/src/input_output_node.cpp:23:5:[m[K [01;31m[Kerror: [m[K‘[01m[Kcin[m[K’ was not declared in this scope
     cin>>arguments.a;
[01;32m[K     ^[m[K
[01m[K/home/scp/ros-codes/catkin_ws/src/client_srv_pub_sub/src/input_output_node.cpp:23:5:[m[K [01;36m[Knote: [m[Ksuggested alternative:
In file included from [01m[K/opt/ros/kinetic/include/ros/time.h:54:0[m[K,
                 from [01m[K/opt/ros/kinetic/include/ros/ros.h:38[m[K,
                 from [01m[K/home/scp/ros-codes/catkin_ws/src/client_srv_pub_sub/src/input_output_node.cpp:1[m[K:
[01m[K/usr/include/c++/5/iostream:60:18:[m[K [01;36m[Knote: [m[K  ‘[01m[Kstd::cin[m[K’
   extern istream cin;  /// Linked to standard input
[01;32m[K                  ^[m[K
[01m[K/home/scp/ros-codes/catkin_ws/src/client_srv_pub_sub/src/input_output_node.cpp:28:5:[m[K [01;31m[Kerror: [m[K‘[01m[Kchatter_pub[m[K’ was not declared in this scope
     chatter_pub.publish(arguments);
[01;32m[K     ^[m[K
[01m[K/home/scp/ros-codes/catkin_ws/src/client_srv_pub_sub/src/input_output_node.cpp:35:5:[m[K [01;31m[Kerror: [m[K‘[01m[Kcout[m[K’ was not declared in this scope
     cout<<"\nError connecting Topic.\n";
[01;32m[K     ^[m[K
[01m[K/home/scp/ros-codes/catkin_ws/src/client_srv_pub_sub/src/input_output_node.cpp:35:5:[m[K [01;36m[Knote: [m[Ksuggested alternative:
In file included from [01m[K/opt/ros/kinetic/include/ros/time.h:54:0[m[K,
                 from [01m[K/opt/ros/kinetic/include/ros/ros.h:38[m[K,
                 from [01m[K/home/scp/ros-codes/catkin_ws/src/client_srv_pub_sub/src/input_output_node.cpp:1[m[K:
[01m[K/usr/include/c++/5/iostream:61:18:[m[K [01;36m[Knote: [m[K  ‘[01m[Kstd::cout[m[K’
   extern ostream cout;  /// Linked to standard output
[01;32m[K                  ^[m[K
CMakeFiles/input_output_node.dir/build.make:62: recipe for target 'CMakeFiles/input_output_node.dir/src/input_output_node.cpp.o' failed
make[2]: *** [CMakeFiles/input_output_node.dir/src/input_output_node.cpp.o] Error 1
CMakeFiles/Makefile2:67: recipe for target 'CMakeFiles/input_output_node.dir/all' failed
make[1]: *** [CMakeFiles/input_output_node.dir/all] Error 2
make[1]: *** Waiting for unfinished jobs....
In file included from [01m[K/opt/ros/kinetic/include/ros/ros.h:40:0[m[K,
                 from [01m[K/home/scp/ros-codes/catkin_ws/src/client_srv_pub_sub/src/process_node.cpp:1[m[K:
[01m[K/home/scp/ros-codes/catkin_ws/src/client_srv_pub_sub/src/process_node.cpp:[m[K In function ‘[01m[Kvoid process_Callback(const ConstPtr&)[m[K’:
[01m[K/home/scp/ros-codes/catkin_ws/src/client_srv_pub_sub/src/process_node.cpp:11:50:[m[K [01;31m[Kerror: [m[K‘[01m[Kconst ConstPtr {aka const class boost::shared_ptr<const my_custom_message::numbers_<std::allocator<void> > >}[m[K’ has no member named ‘[01m[Ka[m[K’
   ROS_INFO("Addition of %d and %d.\n", arguments.a, arguments.b);
[01;32m[K                                                  ^[m[K
[01m[K/opt/ros/kinetic/include/ros/console.h:346:165:[m[K [01;36m[Knote: [m[Kin definition of macro ‘[01m[KROSCONSOLE_PRINT_AT_LOCATION_WITH_FILTER[m[K’
     ::ros::console::print(filter, __rosconsole_define_location__loc.logger_, __rosconsole_define_location__loc.level_, __FILE__, __LINE__, __ROSCONSOLE_FUNCTION__, __VA_ARGS__)
[01;32m[K                                                                                                                                                                     ^[m[K
[01m[K/opt/ros/kinetic/include/ros/console.h:379:7:[m[K [01;36m[Knote: [m[Kin expansion of macro ‘[01m[KROSCONSOLE_PRINT_AT_LOCATION[m[K’
       ROSCONSOLE_PRINT_AT_LOCATION(__VA_ARGS__); \
[01;32m[K       ^[m[K
[01m[K/opt/ros/kinetic/include/ros/console.h:561:35:[m[K [01;36m[Knote: [m[Kin expansion of macro ‘[01m[KROS_LOG_COND[m[K’
 #define ROS_LOG(level, name, ...) ROS_LOG_COND(true, level, name, __VA_ARGS__)
[01;32m[K                                   ^[m[K
[01m[K/opt/ros/kinetic/include/rosconsole/macros_generated.h:110:23:[m[K [01;36m[Knote: [m[Kin expansion of macro ‘[01m[KROS_LOG[m[K’
 #define ROS_INFO(...) ROS_LOG(::ros::console::levels::Info, ROSCONSOLE_DEFAULT_NAME, __VA_ARGS__)
[01;32m[K                       ^[m[K
[01m[K/home/scp/ros-codes/catkin_ws/src/client_srv_pub_sub/src/process_node.cpp:11:3:[m[K [01;36m[Knote: [m[Kin expansion of macro ‘[01m[KROS_INFO[m[K’
   ROS_INFO("Addition of %d and %d.\n", arguments.a, arguments.b);
[01;32m[K   ^[m[K
[01m[K/home/scp/ros-codes/catkin_ws/src/client_srv_pub_sub/src/process_node.cpp:11:63:[m[K [01;31m[Kerror: [m[K‘[01m[Kconst ConstPtr {aka const class boost::shared_ptr<const my_custom_message::numbers_<std::allocator<void> > >}[m[K’ has no member named ‘[01m[Kb[m[K’
   ROS_INFO("Addition of %d and %d.\n", arguments.a, arguments.b);
[01;32m[K                                                               ^[m[K
[01m[K/opt/ros/kinetic/include/ros/console.h:346:165:[m[K [01;36m[Knote: [m[Kin definition of macro ‘[01m[KROSCONSOLE_PRINT_AT_LOCATION_WITH_FILTER[m[K’
     ::ros::console::print(filter, __rosconsole_define_location__loc.logger_, __rosconsole_define_location__loc.level_, __FILE__, __LINE__, __ROSCONSOLE_FUNCTION__, __VA_ARGS__)
[01;32m[K                                                                                                                                                                     ^[m[K
[01m[K/opt/ros/kinetic/include/ros/console.h:379:7:[m[K [01;36m[Knote: [m[Kin expansion of macro ‘[01m[KROSCONSOLE_PRINT_AT_LOCATION[m[K’
       ROSCONSOLE_PRINT_AT_LOCATION(__VA_ARGS__); \
[01;32m[K       ^[m[K
[01m[K/opt/ros/kinetic/include/ros/console.h:561:35:[m[K [01;36m[Knote: [m[Kin expansion of macro ‘[01m[KROS_LOG_COND[m[K’
 #define ROS_LOG(level, name, ...) ROS_LOG_COND(true, level, name, __VA_ARGS__)
[01;32m[K                                   ^[m[K
[01m[K/opt/ros/kinetic/include/rosconsole/macros_generated.h:110:23:[m[K [01;36m[Knote: [m[Kin expansion of macro ‘[01m[KROS_LOG[m[K’
 #define ROS_INFO(...) ROS_LOG(::ros::console::levels::Info, ROSCONSOLE_DEFAULT_NAME, __VA_ARGS__)
[01;32m[K                       ^[m[K
[01m[K/home/scp/ros-codes/catkin_ws/src/client_srv_pub_sub/src/process_node.cpp:11:3:[m[K [01;36m[Knote: [m[Kin expansion of macro ‘[01m[KROS_INFO[m[K’
   ROS_INFO("Addition of %d and %d.\n", arguments.a, arguments.b);
[01;32m[K   ^[m[K
[01m[K/home/scp/ros-codes/catkin_ws/src/client_srv_pub_sub/src/process_node.cpp:12:3:[m[K [01;31m[Kerror: [m[K‘[01m[Kcout[m[K’ was not declared in this scope
   cout<<"Calculating SUM.....\n";
[01;32m[K   ^[m[K
[01m[K/home/scp/ros-codes/catkin_ws/src/client_srv_pub_sub/src/process_node.cpp:12:3:[m[K [01;36m[Knote: [m[Ksuggested alternative:
In file included from [01m[K/opt/ros/kinetic/include/ros/time.h:54:0[m[K,
                 from [01m[K/opt/ros/kinetic/include/ros/ros.h:38[m[K,
                 from [01m[K/home/scp/ros-codes/catkin_ws/src/client_srv_pub_sub/src/process_node.cpp:1[m[K:
[01m[K/usr/include/c++/5/iostream:61:18:[m[K [01;36m[Knote: [m[K  ‘[01m[Kstd::cout[m[K’
   extern ostream cout;  /// Linked to standard output
[01;32m[K                  ^[m[K
[01m[K/home/scp/ros-codes/catkin_ws/src/client_srv_pub_sub/src/process_node.cpp:14:23:[m[K [01;31m[Kerror: [m[K‘[01m[Kconst ConstPtr {aka const class boost::shared_ptr<const my_custom_message::numbers_<std::allocator<void> > >}[m[K’ has no member named ‘[01m[Ka[m[K’
   Sum.sum = arguments.a + arguments.b;
[01;32m[K                       ^[m[K
[01m[K/home/scp/ros-codes/catkin_ws/src/client_srv_pub_sub/src/process_node.cpp:14:37:[m[K [01;31m[Kerror: [m[K‘[01m[Kconst ConstPtr {aka const class boost::shared_ptr<const my_custom_message::numbers_<std::allocator<void> > >}[m[K’ has no member named ‘[01m[Kb[m[K’
   Sum.sum = arguments.a + arguments.b;
[01;32m[K                                     ^[m[K
[01m[K/home/scp/ros-codes/catkin_ws/src/client_srv_pub_sub/src/process_node.cpp:15:3:[m[K [01;31m[Kerror: [m[K‘[01m[Kchatter_pub[m[K’ was not declared in this scope
   chatter_pub.publish(Sum);
[01;32m[K   ^[m[K
CMakeFiles/process_node.dir/build.make:62: recipe for target 'CMakeFiles/process_node.dir/src/process_node.cpp.o' failed
make[2]: *** [CMakeFiles/process_node.dir/src/process_node.cpp.o] Error 1
CMakeFiles/Makefile2:456: recipe for target 'CMakeFiles/process_node.dir/all' failed
make[1]: *** [CMakeFiles/process_node.dir/all] Error 2
Makefile:138: recipe for target 'all' failed
make: *** [all] Error 2
