[35m[1mScanning dependencies of target input_output_node[0m
[ 25%] [32mBuilding CXX object CMakeFiles/input_output_node.dir/src/input_output_node.cpp.o[0m
[35m[1mScanning dependencies of target process_node[0m
[ 50%] [32mBuilding CXX object CMakeFiles/process_node.dir/src/process_node.cpp.o[0m
In file included from [01m[K/opt/ros/kinetic/include/ros/ros.h:40:0[m[K,
                 from [01m[K/home/scp/ros-codes/catkin_ws/src/client_srv_pub_sub/src/process_node.cpp:1[m[K:
[01m[K/home/scp/ros-codes/catkin_ws/src/client_srv_pub_sub/src/process_node.cpp:[m[K In function ‘[01m[Kvoid process_Callback(const ConstPtr&)[m[K’:
[01m[K/opt/ros/kinetic/include/ros/console.h:346:176:[m[K [01;35m[Kwarning: [m[Kformat ‘[01m[K%d[m[K’ expects argument of type ‘[01m[Kint[m[K’, but argument 8 has type ‘[01m[Kmy_custom_message::numbers_<std::allocator<void> >::_a_type {aka long long int}[m[K’ [-Wformat=]
     ::ros::console::print(filter, __rosconsole_define_location__loc.logger_, __rosconsole_define_location__loc.level_, __FILE__, __LINE__, __ROSCONSOLE_FUNCTION__, __VA_ARGS__)
[01;32m[K                                                                                                                                                                                ^[m[K
[01m[K/opt/ros/kinetic/include/ros/console.h:349:5:[m[K [01;36m[Knote: [m[Kin expansion of macro ‘[01m[KROSCONSOLE_PRINT_AT_LOCATION_WITH_FILTER[m[K’
     ROSCONSOLE_PRINT_AT_LOCATION_WITH_FILTER(0, __VA_ARGS__)
[01;32m[K     ^[m[K
[01m[K/opt/ros/kinetic/include/ros/console.h:379:7:[m[K [01;36m[Knote: [m[Kin expansion of macro ‘[01m[KROSCONSOLE_PRINT_AT_LOCATION[m[K’
       ROSCONSOLE_PRINT_AT_LOCATION(__VA_ARGS__); \
[01;32m[K       ^[m[K
[01m[K/opt/ros/kinetic/include/ros/console.h:561:35:[m[K [01;36m[Knote: [m[Kin expansion of macro ‘[01m[KROS_LOG_COND[m[K’
 #define ROS_LOG(level, name, ...) ROS_LOG_COND(true, level, name, __VA_ARGS__)
[01;32m[K                                   ^[m[K
[01m[K/opt/ros/kinetic/include/rosconsole/macros_generated.h:110:23:[m[K [01;36m[Knote: [m[Kin expansion of macro ‘[01m[KROS_LOG[m[K’
 #define ROS_INFO(...) ROS_LOG(::ros::console::levels::Info, ROSCONSOLE_DEFAULT_NAME, __VA_ARGS__)
[01;32m[K                       ^[m[K
[01m[K/home/scp/ros-codes/catkin_ws/src/client_srv_pub_sub/src/process_node.cpp:11:3:[m[K [01;36m[Knote: [m[Kin expansion of macro ‘[01m[KROS_INFO[m[K’
   ROS_INFO("Addition of %d and %d.\n", Arguments->a, Arguments->b);
[01;32m[K   ^[m[K
[01m[K/opt/ros/kinetic/include/ros/console.h:346:176:[m[K [01;35m[Kwarning: [m[Kformat ‘[01m[K%d[m[K’ expects argument of type ‘[01m[Kint[m[K’, but argument 9 has type ‘[01m[Kmy_custom_message::numbers_<std::allocator<void> >::_b_type {aka long long int}[m[K’ [-Wformat=]
     ::ros::console::print(filter, __rosconsole_define_location__loc.logger_, __rosconsole_define_location__loc.level_, __FILE__, __LINE__, __ROSCONSOLE_FUNCTION__, __VA_ARGS__)
[01;32m[K                                                                                                                                                                                ^[m[K
[01m[K/opt/ros/kinetic/include/ros/console.h:349:5:[m[K [01;36m[Knote: [m[Kin expansion of macro ‘[01m[KROSCONSOLE_PRINT_AT_LOCATION_WITH_FILTER[m[K’
     ROSCONSOLE_PRINT_AT_LOCATION_WITH_FILTER(0, __VA_ARGS__)
[01;32m[K     ^[m[K
[01m[K/opt/ros/kinetic/include/ros/console.h:379:7:[m[K [01;36m[Knote: [m[Kin expansion of macro ‘[01m[KROSCONSOLE_PRINT_AT_LOCATION[m[K’
       ROSCONSOLE_PRINT_AT_LOCATION(__VA_ARGS__); \
[01;32m[K       ^[m[K
[01m[K/opt/ros/kinetic/include/ros/console.h:561:35:[m[K [01;36m[Knote: [m[Kin expansion of macro ‘[01m[KROS_LOG_COND[m[K’
 #define ROS_LOG(level, name, ...) ROS_LOG_COND(true, level, name, __VA_ARGS__)
[01;32m[K                                   ^[m[K
[01m[K/opt/ros/kinetic/include/rosconsole/macros_generated.h:110:23:[m[K [01;36m[Knote: [m[Kin expansion of macro ‘[01m[KROS_LOG[m[K’
 #define ROS_INFO(...) ROS_LOG(::ros::console::levels::Info, ROSCONSOLE_DEFAULT_NAME, __VA_ARGS__)
[01;32m[K                       ^[m[K
[01m[K/home/scp/ros-codes/catkin_ws/src/client_srv_pub_sub/src/process_node.cpp:11:3:[m[K [01;36m[Knote: [m[Kin expansion of macro ‘[01m[KROS_INFO[m[K’
   ROS_INFO("Addition of %d and %d.\n", Arguments->a, Arguments->b);
[01;32m[K   ^[m[K
In file included from [01m[K/opt/ros/kinetic/include/ros/ros.h:40:0[m[K,
                 from [01m[K/home/scp/ros-codes/catkin_ws/src/client_srv_pub_sub/src/input_output_node.cpp:1[m[K:
[01m[K/home/scp/ros-codes/catkin_ws/src/client_srv_pub_sub/src/input_output_node.cpp:[m[K In function ‘[01m[Kvoid in_out_Callback(const ConstPtr&)[m[K’:
[01m[K/opt/ros/kinetic/include/ros/console.h:346:176:[m[K [01;35m[Kwarning: [m[Kformat ‘[01m[K%d[m[K’ expects argument of type ‘[01m[Kint[m[K’, but argument 8 has type ‘[01m[Kmy_custom_message::num_sum_<std::allocator<void> >::_sum_type {aka long long int}[m[K’ [-Wformat=]
     ::ros::console::print(filter, __rosconsole_define_location__loc.logger_, __rosconsole_define_location__loc.level_, __FILE__, __LINE__, __ROSCONSOLE_FUNCTION__, __VA_ARGS__)
[01;32m[K                                                                                                                                                                                ^[m[K
[01m[K/opt/ros/kinetic/include/ros/console.h:349:5:[m[K [01;36m[Knote: [m[Kin expansion of macro ‘[01m[KROSCONSOLE_PRINT_AT_LOCATION_WITH_FILTER[m[K’
     ROSCONSOLE_PRINT_AT_LOCATION_WITH_FILTER(0, __VA_ARGS__)
[01;32m[K     ^[m[K
[01m[K/opt/ros/kinetic/include/ros/console.h:379:7:[m[K [01;36m[Knote: [m[Kin expansion of macro ‘[01m[KROSCONSOLE_PRINT_AT_LOCATION[m[K’
       ROSCONSOLE_PRINT_AT_LOCATION(__VA_ARGS__); \
[01;32m[K       ^[m[K
[01m[K/opt/ros/kinetic/include/ros/console.h:561:35:[m[K [01;36m[Knote: [m[Kin expansion of macro ‘[01m[KROS_LOG_COND[m[K’
 #define ROS_LOG(level, name, ...) ROS_LOG_COND(true, level, name, __VA_ARGS__)
[01;32m[K                                   ^[m[K
[01m[K/opt/ros/kinetic/include/rosconsole/macros_generated.h:110:23:[m[K [01;36m[Knote: [m[Kin expansion of macro ‘[01m[KROS_LOG[m[K’
 #define ROS_INFO(...) ROS_LOG(::ros::console::levels::Info, ROSCONSOLE_DEFAULT_NAME, __VA_ARGS__)
[01;32m[K                       ^[m[K
[01m[K/home/scp/ros-codes/catkin_ws/src/client_srv_pub_sub/src/input_output_node.cpp:7:3:[m[K [01;36m[Knote: [m[Kin expansion of macro ‘[01m[KROS_INFO[m[K’
   ROS_INFO("SUM = %d\n", Sum->sum);
[01;32m[K   ^[m[K
[ 75%] [32m[1mLinking CXX executable /home/scp/ros-codes/catkin_ws/devel/.private/client_srv_pub_sub/lib/client_srv_pub_sub/input_output_node[0m
[100%] [32m[1mLinking CXX executable /home/scp/ros-codes/catkin_ws/devel/.private/client_srv_pub_sub/lib/client_srv_pub_sub/process_node[0m
[100%] Built target process_node
[100%] Built target input_output_node
